Determining if the pthread_create exist failed with the following output:
Change Dir: /home/jbs/catkin_ws/src/mav_mapping_comp/build/CMakeFiles/CMakeTmp

Run Build Command:"/usr/bin/make" "cmTC_6094a/fast"
/usr/bin/make -f CMakeFiles/cmTC_6094a.dir/build.make CMakeFiles/cmTC_6094a.dir/build
make[1]: Entering directory '/home/jbs/catkin_ws/src/mav_mapping_comp/build/CMakeFiles/CMakeTmp'
Building C object CMakeFiles/cmTC_6094a.dir/CheckSymbolExists.c.o
/usr/bin/gcc-5     -o CMakeFiles/cmTC_6094a.dir/CheckSymbolExists.c.o   -c /home/jbs/catkin_ws/src/mav_mapping_comp/build/CMakeFiles/CMakeTmp/CheckSymbolExists.c
Linking C executable cmTC_6094a
/usr/bin/cmake -E cmake_link_script CMakeFiles/cmTC_6094a.dir/link.txt --verbose=1
/usr/bin/gcc-5       CMakeFiles/cmTC_6094a.dir/CheckSymbolExists.c.o  -o cmTC_6094a -rdynamic 
CMakeFiles/cmTC_6094a.dir/CheckSymbolExists.c.o: In function `main':
CheckSymbolExists.c:(.text+0x16): undefined reference to `pthread_create'
collect2: error: ld returned 1 exit status
CMakeFiles/cmTC_6094a.dir/build.make:97: recipe for target 'cmTC_6094a' failed
make[1]: *** [cmTC_6094a] Error 1
make[1]: Leaving directory '/home/jbs/catkin_ws/src/mav_mapping_comp/build/CMakeFiles/CMakeTmp'
Makefile:126: recipe for target 'cmTC_6094a/fast' failed
make: *** [cmTC_6094a/fast] Error 2

File /home/jbs/catkin_ws/src/mav_mapping_comp/build/CMakeFiles/CMakeTmp/CheckSymbolExists.c:
/* */
#include <pthread.h>

int main(int argc, char** argv)
{
  (void)argv;
#ifndef pthread_create
  return ((int*)(&pthread_create))[argc];
#else
  (void)argc;
  return 0;
#endif
}

Determining if the function pthread_create exists in the pthreads failed with the following output:
Change Dir: /home/jbs/catkin_ws/src/mav_mapping_comp/build/CMakeFiles/CMakeTmp

Run Build Command:"/usr/bin/make" "cmTC_16ba6/fast"
/usr/bin/make -f CMakeFiles/cmTC_16ba6.dir/build.make CMakeFiles/cmTC_16ba6.dir/build
make[1]: Entering directory '/home/jbs/catkin_ws/src/mav_mapping_comp/build/CMakeFiles/CMakeTmp'
Building C object CMakeFiles/cmTC_16ba6.dir/CheckFunctionExists.c.o
/usr/bin/gcc-5    -DCHECK_FUNCTION_EXISTS=pthread_create   -o CMakeFiles/cmTC_16ba6.dir/CheckFunctionExists.c.o   -c /usr/share/cmake-3.5/Modules/CheckFunctionExists.c
Linking C executable cmTC_16ba6
/usr/bin/cmake -E cmake_link_script CMakeFiles/cmTC_16ba6.dir/link.txt --verbose=1
/usr/bin/gcc-5   -DCHECK_FUNCTION_EXISTS=pthread_create    CMakeFiles/cmTC_16ba6.dir/CheckFunctionExists.c.o  -o cmTC_16ba6 -rdynamic -lpthreads 
/usr/bin/ld: cannot find -lpthreads
collect2: error: ld returned 1 exit status
CMakeFiles/cmTC_16ba6.dir/build.make:97: recipe for target 'cmTC_16ba6' failed
make[1]: *** [cmTC_16ba6] Error 1
make[1]: Leaving directory '/home/jbs/catkin_ws/src/mav_mapping_comp/build/CMakeFiles/CMakeTmp'
Makefile:126: recipe for target 'cmTC_16ba6/fast' failed
make: *** [cmTC_16ba6/fast] Error 2


